<?xml version="1.0" encoding="UTF-8"?>
<testng-results total="1" passed="1" failed="0" skipped="0">
  <reporter-output>
  </reporter-output>
  <suite started-at="2024-03-22T04:13:18Z" name="Default suite" finished-at="2024-03-22T04:13:19Z" duration-ms="794">
    <groups>
    </groups>
    <test started-at="2024-03-22T04:13:18Z" name="Default test" finished-at="2024-03-22T04:13:19Z" duration-ms="794">
      <class name="com.qa.tests.PostAPITest">
        <test-method is-config="true" signature="setUp()[pri:0, instance:com.qa.tests.PostAPITest@1bd39d3c]" started-at="2024-03-22T09:43:18Z" name="setUp" finished-at="2024-03-22T09:43:18Z" duration-ms="4" status="PASS">
          <reporter-output>
          </reporter-output>
        </test-method> <!-- setUp -->
        <test-method signature="postAPITest()[pri:0, instance:com.qa.tests.PostAPITest@1bd39d3c]" started-at="2024-03-22T09:43:18Z" name="postAPITest" finished-at="2024-03-22T09:43:19Z" duration-ms="781" status="PASS">
          <reporter-output>
          </reporter-output>
        </test-method> <!-- postAPITest -->
      </class> <!-- com.qa.tests.PostAPITest -->
    </test> <!-- Default test -->
  </suite> <!-- Default suite -->
</testng-results>
